<?xml version="1.0" encoding="UTF-8"?>
<!-- Generated by org.testng.reporters.JUnitReportReporter -->
<testsuite hostname="DESKTOP-P9KBR0D" failures="0" tests="3" name="testcases.suiteb.searchPhone" time="0.008" errors="0" timestamp="2022-03-26T07:33:17 IST" skipped="0">
  <testcase classname="testcases.suiteb.searchPhone" name="selectphone" time="0.000"/>
  <system-out/>
  <testcase classname="testcases.suiteb.searchPhone" name="seachphone" time="0.001"/>
  <system-out/>
  <testcase classname="testcases.suiteb.searchPhone" name="checkout" time="0.007"/>
  <system-out/>
</testsuite> <!-- testcases.suiteb.searchPhone -->
