<?xml version="1.0" encoding="UTF-8"?>
<!-- Generated by org.testng.reporters.JUnitReportReporter -->
<testsuite hostname="DESKTOP-P9KBR0D" failures="0" tests="3" name="testcases.suitea.LoginTest" time="0.013" errors="0" timestamp="2022-08-14T19:07:16 IST" skipped="0">
  <testcase classname="testcases.suitea.LoginTest" name="getData" time="0.007"/>
  <system-out/>
  <testcase classname="testcases.suitea.LoginTest" name="loginTest" time="0.004"/>
  <system-out/>
  <testcase classname="testcases.suitea.LoginTest" name="logout" time="0.002"/>
  <system-out/>
</testsuite> <!-- testcases.suitea.LoginTest -->
