<?xml version="1.0" encoding="UTF-8"?>
<!-- Generated by org.testng.reporters.JUnitReportReporter -->
<testsuite hostname="DESKTOP-P9KBR0D" failures="0" tests="3" name="testcases.suiteb.SearchAndPurchasePhoneTest" time="0.003" errors="0" timestamp="2022-08-14T19:07:16 IST" skipped="0">
  <testcase classname="testcases.suiteb.SearchAndPurchasePhoneTest" name="search" time="0.001"/>
  <system-out/>
  <testcase classname="testcases.suiteb.SearchAndPurchasePhoneTest" name="selectPhone" time="0.001"/>
  <system-out/>
  <testcase classname="testcases.suiteb.SearchAndPurchasePhoneTest" name="checkout" time="0.001"/>
  <system-out/>
</testsuite> <!-- testcases.suiteb.SearchAndPurchasePhoneTest -->
