<?xml version="1.0" encoding="UTF-8"?>
<!-- Generated by org.testng.reporters.JUnitReportReporter -->
<testsuite skipped="0" hostname="DESKTOP-V123S32" name="testcases.LoginTest" tests="2" failures="0" timestamp="2020-05-15T16:10:09 IST" time="0.005" errors="0">
  <testcase name="logout" time="0.002" classname="testcases.LoginTest"/>
  <testcase name="loginTest" time="0.003" classname="testcases.LoginTest"/>
</testsuite> <!-- testcases.LoginTest -->
