<?xml version="1.0" encoding="UTF-8"?>
<!-- Generated by org.testng.reporters.JUnitReportReporter -->
<testsuite skipped="0" hostname="DESKTOP-V123S32" name="testcases.CreateUser" tests="6" failures="0" timestamp="2020-05-15T16:10:09 IST" time="0.019" errors="0">
  <testcase name="deleteUser" time="0.001" classname="testcases.CreateUser"/>
  <testcase name="deleteUser" time="0.007" classname="testcases.CreateUser"/>
  <testcase name="createUser" time="0.001" classname="testcases.CreateUser"/>
  <testcase name="createUser" time="0.001" classname="testcases.CreateUser"/>
  <testcase name="createUser" time="0.002" classname="testcases.CreateUser"/>
  <testcase name="deleteUser" time="0.007" classname="testcases.CreateUser"/>
</testsuite> <!-- testcases.CreateUser -->
