<?xml version="1.0" encoding="UTF-8"?>
<!-- Generated by org.testng.reporters.JUnitReportReporter -->
<testsuite hostname="DESKTOP-P9KBR0D" failures="0" tests="6" name="testcases.suitea.CreateUser" time="0.009" errors="0" timestamp="2022-08-14T19:07:16 IST" skipped="0">
  <testcase classname="testcases.suitea.CreateUser" name="deleteUser" time="0.001"/>
  <system-out/>
  <testcase classname="testcases.suitea.CreateUser" name="deleteUser" time="0.002"/>
  <system-out/>
  <testcase classname="testcases.suitea.CreateUser" name="deleteUser" time="0.002"/>
  <system-out/>
  <testcase classname="testcases.suitea.CreateUser" name="createUser" time="0.002"/>
  <system-out/>
  <testcase classname="testcases.suitea.CreateUser" name="createUser" time="0.001"/>
  <system-out/>
  <testcase classname="testcases.suitea.CreateUser" name="createUser" time="0.001"/>
  <system-out/>
</testsuite> <!-- testcases.suitea.CreateUser -->
