<?xml version="1.0" encoding="UTF-8"?>
<!-- Generated by org.testng.reporters.JUnitReportReporter -->
<testsuite skipped="0" hostname="DESKTOP-V123S32" name="testcases.SearchAndPurchasePhoneTest" tests="3" failures="0" timestamp="2020-05-15T16:10:09 IST" time="0.006" errors="0">
  <testcase name="search" time="0.001" classname="testcases.SearchAndPurchasePhoneTest"/>
  <testcase name="selectPhone" time="0.004" classname="testcases.SearchAndPurchasePhoneTest"/>
  <testcase name="checkout" time="0.001" classname="testcases.SearchAndPurchasePhoneTest"/>
</testsuite> <!-- testcases.SearchAndPurchasePhoneTest -->
